<?xml version="1.0" encoding="UTF-8"?>
<!-- Generated by org.testng.reporters.JUnitXMLReporter -->
<testsuite ignored="0" hostname="DESKTOP-4VT63TV" failures="0" tests="4" name="parallel Test" time="0.096" errors="0" timestamp="2023-05-17T10:43:07 IST">
  <testcase classname="TestNG.Basic" name="tc2" time="0.005"/>
  <testcase classname="TestNG.Basic" name="tc3" time="0.005">
    <skipped/>
  </testcase> <!-- tc3 -->
  <testcase classname="TestNG.Basic" name="tc2" time="0.002"/>
  <testcase classname="TestNG.Basic" name="tc1" time="0.0">
    <skipped/>
  </testcase> <!-- tc1 -->
</testsuite> <!-- parallel Test -->
